[2022-09-01 23:38:25.166]	local.info	SZ-OfficialWebsite-backEnd/main.go:16	log init success!
[2022-09-01 23:58:43.674]	local.info	SZ-OfficialWebsite-backEnd/main.go:16	log init success!
[2022-09-01 23:58:45.744]	local.error	bootstrap/db.go:49	mysql connect failed, err:	{"err": "dial tcp 127.0.0.1:8306: connectex: No connection could be made because the target machine actively refused it."}
[2022-09-02 08:22:12.795]	local.info	SZ-OfficialWebsite-backEnd/main.go:16	log init success!
[2022-09-02 08:22:14.873]	local.error	bootstrap/db.go:49	mysql connect failed, err:	{"err": "dial tcp 127.0.0.1:8306: connectex: No connection could be made because the target machine actively refused it."}
[2022-09-02 08:27:37.989]	local.info	SZ-OfficialWebsite-backEnd/main.go:16	log init success!
[2022-09-02 08:29:13.900]	local.info	SZ-OfficialWebsite-backEnd/main.go:16	log init success!
[2022-09-02 08:33:42.495]	local.info	SZ-OfficialWebsite-backEnd/main.go:16	log init success!
[2022-09-02 09:17:13.883]	local.info	SZ-OfficialWebsite-backEnd/main.go:14	log init success!
[2022-09-02 09:21:57.941]	local.info	SZ-OfficialWebsite-backEnd/main.go:14	log init success!
[2022-09-02 09:25:29.276]	local.info	SZ-OfficialWebsite-backEnd/main.go:14	log init success!
[2022-09-02 09:35:13.556]	local.info	SZ-OfficialWebsite-backEnd/main.go:14	log init success!
[2022-09-02 09:55:59.303]	local.info	SZ-OfficialWebsite-backEnd/main.go:14	log init success!
[2022-09-02 11:03:05.848]	local.info	SZ-OfficialWebsite-backEnd/main.go:14	log init success!
[2022-09-02 11:10:37.174]	local.info	SZ-OfficialWebsite-backEnd/main.go:14	log init success!
[2022-09-02 11:29:05.204]	local.info	SZ-OfficialWebsite-backEnd/main.go:14	log init success!
[2022-09-02 11:34:16.480]	local.info	SZ-OfficialWebsite-backEnd/main.go:14	log init success!
[2022-09-02 11:34:54.589]	local.info	SZ-OfficialWebsite-backEnd/main.go:14	log init success!
[2022-09-02 13:58:12.033]	local.info	SZ-OfficialWebsite-backEnd/main.go:14	log init success!
[2022-09-02 14:17:05.667]	local.info	SZ-OfficialWebsite-backEnd/main.go:14	log init success!
[2022-09-02 14:17:38.256]	local.info	SZ-OfficialWebsite-backEnd/main.go:14	log init success!
[2022-09-02 14:33:34.914]	local.info	SZ-OfficialWebsite-backEnd/main.go:14	log init success!
[2022-09-02 14:41:20.574]	local.info	SZ-OfficialWebsite-backEnd/main.go:14	log init success!
[2022-09-02 15:34:28.590]	local.info	SZ-OfficialWebsite-backEnd/main.go:14	log init success!
[2022-09-02 15:34:36.857]	local.error	bootstrap/redis.go:19	Redis connect ping failed, err:	{"err": "dial tcp 127.0.0.1:6379: connectex: No connection could be made because the target machine actively refused it."}
[2022-09-02 16:06:43.736]	local.info	SZ-OfficialWebsite-backEnd/main.go:14	log init success!
[2022-09-02 16:06:52.026]	local.error	bootstrap/redis.go:19	Redis connect ping failed, err:	{"err": "dial tcp 127.0.0.1:6379: connectex: No connection could be made because the target machine actively refused it."}
[2022-09-02 16:21:11.815]	local.info	SZ-OfficialWebsite-backEnd/main.go:14	log init success!
[2022-09-02 16:21:20.045]	local.error	bootstrap/redis.go:19	Redis connect ping failed, err:	{"err": "dial tcp 127.0.0.1:6379: connectex: No connection could be made because the target machine actively refused it."}
[2022-09-02 16:51:22.304]	local.info	SZ-OfficialWebsite-backEnd/main.go:14	log init success!
[2022-09-02 16:51:30.525]	local.error	bootstrap/redis.go:19	Redis connect ping failed, err:	{"err": "dial tcp 127.0.0.1:6379: connectex: No connection could be made because the target machine actively refused it."}
[2022-09-02 17:04:31.889]	local.info	SZ-OfficialWebsite-backEnd/main.go:14	log init success!
[2022-09-02 17:04:40.471]	local.error	bootstrap/redis.go:19	Redis connect ping failed, err:	{"err": "dial tcp 127.0.0.1:6379: connectex: No connection could be made because the target machine actively refused it."}
[2022-09-02 17:16:31.682]	local.info	SZ-OfficialWebsite-backEnd/main.go:14	log init success!
[2022-09-02 17:16:39.911]	local.error	bootstrap/redis.go:19	Redis connect ping failed, err:	{"err": "dial tcp 127.0.0.1:6379: connectex: No connection could be made because the target machine actively refused it."}
[2022-09-02 17:29:22.403]	local.info	SZ-OfficialWebsite-backEnd/main.go:14	log init success!
[2022-09-02 17:29:30.620]	local.error	bootstrap/redis.go:19	Redis connect ping failed, err:	{"err": "dial tcp 127.0.0.1:6379: connectex: No connection could be made because the target machine actively refused it."}
[2022-09-02 17:35:39.496]	local.info	SZ-OfficialWebsite-backEnd/main.go:14	log init success!
[2022-09-02 17:35:47.728]	local.error	bootstrap/redis.go:19	Redis connect ping failed, err:	{"err": "dial tcp 127.0.0.1:6379: connectex: No connection could be made because the target machine actively refused it."}
[2022-09-02 17:38:50.765]	local.info	SZ-OfficialWebsite-backEnd/main.go:14	log init success!
[2022-09-02 17:38:58.982]	local.error	bootstrap/redis.go:19	Redis connect ping failed, err:	{"err": "dial tcp 127.0.0.1:6379: connectex: No connection could be made because the target machine actively refused it."}
[2022-09-02 17:42:14.937]	local.info	SZ-OfficialWebsite-backEnd/main.go:14	log init success!
[2022-09-02 17:42:23.164]	local.error	bootstrap/redis.go:19	Redis connect ping failed, err:	{"err": "dial tcp 127.0.0.1:6379: connectex: No connection could be made because the target machine actively refused it."}
[2022-09-02 17:45:13.304]	local.info	SZ-OfficialWebsite-backEnd/main.go:14	log init success!
[2022-09-02 17:45:21.540]	local.error	bootstrap/redis.go:19	Redis connect ping failed, err:	{"err": "dial tcp 127.0.0.1:6379: connectex: No connection could be made because the target machine actively refused it."}
[2022-09-02 17:46:50.040]	local.info	SZ-OfficialWebsite-backEnd/main.go:14	log init success!
[2022-09-02 17:46:58.280]	local.error	bootstrap/redis.go:19	Redis connect ping failed, err:	{"err": "dial tcp 127.0.0.1:6379: connectex: No connection could be made because the target machine actively refused it."}
[2022-09-02 17:50:11.317]	local.info	SZ-OfficialWebsite-backEnd/main.go:14	log init success!
[2022-09-02 17:50:19.570]	local.error	bootstrap/redis.go:19	Redis connect ping failed, err:	{"err": "dial tcp 127.0.0.1:6379: connectex: No connection could be made because the target machine actively refused it."}
[2022-09-02 17:58:38.184]	local.info	SZ-OfficialWebsite-backEnd/main.go:15	log init success!
[2022-09-02 17:58:46.876]	local.error	bootstrap/redis.go:19	Redis connect ping failed, err:	{"err": "dial tcp 127.0.0.1:6379: connectex: No connection could be made because the target machine actively refused it."}
[2022-09-02 18:02:06.360]	local.info	SZ-OfficialWebsite-backEnd/main.go:15	log init success!
[2022-09-02 18:02:14.590]	local.error	bootstrap/redis.go:20	Redis connect ping failed, err:	{"err": "dial tcp 127.0.0.1:6379: connectex: No connection could be made because the target machine actively refused it."}
[2022-09-02 18:03:13.579]	local.info	SZ-OfficialWebsite-backEnd/main.go:15	log init success!
[2022-09-02 18:03:21.856]	local.error	bootstrap/redis.go:20	Redis connect ping failed, err:	{"err": "dial tcp 127.0.0.1:6379: connectex: No connection could be made because the target machine actively refused it."}
[2022-09-02 18:07:54.094]	local.info	SZ-OfficialWebsite-backEnd/main.go:15	log init success!
[2022-09-02 18:08:02.323]	local.error	bootstrap/redis.go:22	Redis connect ping failed, err:	{"err": "dial tcp 127.0.0.1:6379: connectex: No connection could be made because the target machine actively refused it."}
[2022-09-02 19:01:49.752]	local.info	SZ-OfficialWebsite-backEnd/main.go:15	log init success!
[2022-09-02 19:07:35.678]	local.info	SZ-OfficialWebsite-backEnd/main.go:14	log init success!
[2022-09-02 19:19:35.667]	local.info	SZ-OfficialWebsite-backEnd/main.go:14	log init success!
[2022-09-02 19:19:35.710]	local.error	bootstrap/redis.go:19	Redis connect ping failed, err:	{"err": "MISCONF Redis is configured to save RDB snapshots, but it is currently not able to persist on disk. Commands that may modify the data set are disabled, because this instance is configured to report errors during writes if RDB snapshotting fails (stop-writes-on-bgsave-error option). Please check the Redis logs for details about the RDB error."}
[2022-09-02 19:39:16.579]	local.info	SZ-OfficialWebsite-backEnd/main.go:14	log init success!
[2022-09-02 20:14:16.333]	local.info	SZ-OfficialWebsite-backEnd/main.go:14	log init success!
[2022-09-02 20:14:28.523]	local.error	bootstrap/redis.go:19	Redis connect ping failed, err:	{"err": "read tcp 127.0.0.1:60273->127.0.0.1:6379: i/o timeout"}
[2022-09-02 20:19:05.622]	local.info	SZ-OfficialWebsite-backEnd/main.go:14	log init success!
[2022-09-02 20:19:17.785]	local.error	bootstrap/redis.go:19	Redis connect ping failed, err:	{"err": "read tcp 127.0.0.1:63388->127.0.0.1:6379: i/o timeout"}
[2022-09-02 20:31:21.338]	local.info	SZ-OfficialWebsite-backEnd/main.go:14	log init success!
[2022-09-02 20:31:33.504]	local.error	bootstrap/redis.go:19	Redis connect ping failed, err:	{"err": "read tcp 127.0.0.1:57554->127.0.0.1:6379: i/o timeout"}
[2022-09-02 20:40:44.342]	local.info	SZ-OfficialWebsite-backEnd/main.go:14	log init success!
[2022-09-02 20:40:56.505]	local.error	bootstrap/redis.go:19	Redis connect ping failed, err:	{"err": "read tcp 127.0.0.1:55866->127.0.0.1:6379: i/o timeout"}
[2022-09-02 20:43:28.158]	local.info	SZ-OfficialWebsite-backEnd/main.go:14	log init success!
[2022-09-02 20:43:40.344]	local.error	bootstrap/redis.go:19	Redis connect ping failed, err:	{"err": "read tcp 127.0.0.1:59148->127.0.0.1:6379: i/o timeout"}
[2022-09-02 20:45:31.093]	local.info	SZ-OfficialWebsite-backEnd/main.go:14	log init success!
[2022-09-02 20:45:33.144]	local.error	bootstrap/db.go:49	mysql connect failed, err:	{"err": "dial tcp 127.0.0.1:3346: connectex: No connection could be made because the target machine actively refused it."}
[2022-09-02 20:45:45.281]	local.error	bootstrap/redis.go:19	Redis connect ping failed, err:	{"err": "read tcp 127.0.0.1:60673->127.0.0.1:6379: i/o timeout"}


[31m2022/09/02 20:46:10 [Recovery] 2022/09/02 - 20:46:10 panic recovered:
POST /api/auth/login HTTP/1.1
Host: localhost:8888
Accept: */*
Accept-Encoding: gzip, deflate, br
Connection: keep-alive
Content-Length: 53
Content-Type: text/plain
Postman-Token: 919739bc-c287-48bc-b5ab-a90ba18e579f
User-Agent: PostmanRuntime/7.29.2


runtime error: invalid memory address or nil pointer dereference
C:/Program Files/Go/src/runtime/panic.go:260 (0x9ec735)
	panicmem: panic(memoryError)
C:/Program Files/Go/src/runtime/signal_windows.go:255 (0x9ec705)
	sigpanic: panicmem()
C:/Users/yangqixiang/go/pkg/mod/gorm.io/gorm@v1.23.8/gorm.go:363 (0xf28f98)
	(*DB).getInstance: if db.clone > 0 {
C:/Users/yangqixiang/go/pkg/mod/gorm.io/gorm@v1.23.8/chainable_api.go:156 (0xf1fa5b)
	(*DB).Where: tx = db.getInstance()
G:/project/毕设/SZ-OfficialWebsite-backEnd/app/services/user.go:42 (0x10daf1e)
	(*userService).Login: err = global.App.DB.Where("sid = ?", params.Sid).First(&user).Error
G:/project/毕设/SZ-OfficialWebsite-backEnd/app/controllers/app/auth.go:18 (0x10db5bb)
	Login: if err, user := services.UserService.Login(form); err != nil {
C:/Users/yangqixiang/go/pkg/mod/github.com/gin-gonic/gin@v1.8.1/context.go:173 (0x10cbfe1)
	(*Context).Next: c.handlers[c.index](c)
C:/Users/yangqixiang/go/pkg/mod/github.com/gin-gonic/gin@v1.8.1/recovery.go:101 (0x10cbfcc)
	CustomRecoveryWithWriter.func1: c.Next()
C:/Users/yangqixiang/go/pkg/mod/github.com/gin-gonic/gin@v1.8.1/context.go:173 (0x10cb0e6)
	(*Context).Next: c.handlers[c.index](c)
C:/Users/yangqixiang/go/pkg/mod/github.com/gin-gonic/gin@v1.8.1/logger.go:240 (0x10cb0c9)
	LoggerWithConfig.func1: c.Next()
C:/Users/yangqixiang/go/pkg/mod/github.com/gin-gonic/gin@v1.8.1/context.go:173 (0x10ca1f0)
	(*Context).Next: c.handlers[c.index](c)
C:/Users/yangqixiang/go/pkg/mod/github.com/gin-gonic/gin@v1.8.1/gin.go:616 (0x10c9e58)
	(*Engine).handleHTTPRequest: c.Next()
C:/Users/yangqixiang/go/pkg/mod/github.com/gin-gonic/gin@v1.8.1/gin.go:572 (0x10c999c)
	(*Engine).ServeHTTP: engine.handleHTTPRequest(c)
C:/Program Files/Go/src/net/http/server.go:2947 (0xcc932b)
	serverHandler.ServeHTTP: handler.ServeHTTP(rw, req)
C:/Program Files/Go/src/net/http/server.go:1991 (0xcc4546)
	(*conn).serve: serverHandler{c.server}.ServeHTTP(w, w.req)
C:/Program Files/Go/src/runtime/asm_amd64.s:1594 (0xa07360)
	goexit: BYTE	$0x90	// NOP
[0m
[2022-09-02 21:10:16.802]	local.info	SZ-OfficialWebsite-backEnd/main.go:14	log init success!
[2022-09-02 21:10:28.961]	local.error	bootstrap/redis.go:19	Redis connect ping failed, err:	{"err": "read tcp 127.0.0.1:51728->127.0.0.1:6379: i/o timeout"}
[2022-09-02 22:02:56.700]	local.info	SZ-OfficialWebsite-backEnd/main.go:14	log init success!
[2022-09-02 22:03:08.886]	local.error	bootstrap/redis.go:19	Redis connect ping failed, err:	{"err": "read tcp 127.0.0.1:63330->127.0.0.1:6379: i/o timeout"}
[2022-09-02 22:51:06.346]	local.info	SZ-OfficialWebsite-backEnd/main.go:14	log init success!
[2022-09-02 22:51:18.521]	local.error	bootstrap/redis.go:19	Redis connect ping failed, err:	{"err": "read tcp 127.0.0.1:64321->127.0.0.1:6379: i/o timeout"}


[31m2022/09/02 22:54:15 [Recovery] 2022/09/02 - 22:54:15 panic recovered:
POST /api/auth/info HTTP/1.1
Host: localhost:8888
Accept: */*
Accept-Encoding: gzip, deflate, br
Authorization: *
Connection: keep-alive
Content-Length: 0
Postman-Token: a2edf691-5b34-4d16-95ee-30faf62b90a5
User-Agent: PostmanRuntime/7.29.2


runtime error: invalid memory address or nil pointer dereference
C:/Program Files/Go/src/runtime/panic.go:260 (0xa7c735)
	panicmem: panic(memoryError)
C:/Program Files/Go/src/runtime/signal_windows.go:255 (0xa7c705)
	sigpanic: panicmem()
G:/project/毕设/SZ-OfficialWebsite-backEnd/app/services/jwt.go:79 (0x116a858)
	(*jwtService).IsInBlacklist: joinUnixStr, err := global.App.Redis.Get(context.Background(), jwtService.getBlackListKey(tokenStr)).Result()
G:/project/毕设/SZ-OfficialWebsite-backEnd/app/middleware/jwt.go:27 (0x116c110)
	JWTAuth.func1: if err != nil || services.JwtService.IsInBlacklist(tokenStr) {
C:/Users/yangqixiang/go/pkg/mod/github.com/gin-gonic/gin@v1.8.1/context.go:173 (0x115bfe1)
	(*Context).Next: c.handlers[c.index](c)
C:/Users/yangqixiang/go/pkg/mod/github.com/gin-gonic/gin@v1.8.1/recovery.go:101 (0x115bfcc)
	CustomRecoveryWithWriter.func1: c.Next()
C:/Users/yangqixiang/go/pkg/mod/github.com/gin-gonic/gin@v1.8.1/context.go:173 (0x115b0e6)
	(*Context).Next: c.handlers[c.index](c)
C:/Users/yangqixiang/go/pkg/mod/github.com/gin-gonic/gin@v1.8.1/logger.go:240 (0x115b0c9)
	LoggerWithConfig.func1: c.Next()
C:/Users/yangqixiang/go/pkg/mod/github.com/gin-gonic/gin@v1.8.1/context.go:173 (0x115a1f0)
	(*Context).Next: c.handlers[c.index](c)
C:/Users/yangqixiang/go/pkg/mod/github.com/gin-gonic/gin@v1.8.1/gin.go:616 (0x1159e58)
	(*Engine).handleHTTPRequest: c.Next()
C:/Users/yangqixiang/go/pkg/mod/github.com/gin-gonic/gin@v1.8.1/gin.go:572 (0x115999c)
	(*Engine).ServeHTTP: engine.handleHTTPRequest(c)
C:/Program Files/Go/src/net/http/server.go:2947 (0xd5932b)
	serverHandler.ServeHTTP: handler.ServeHTTP(rw, req)
C:/Program Files/Go/src/net/http/server.go:1991 (0xd54546)
	(*conn).serve: serverHandler{c.server}.ServeHTTP(w, w.req)
C:/Program Files/Go/src/runtime/asm_amd64.s:1594 (0xa97360)
	goexit: BYTE	$0x90	// NOP
[0m


[31m2022/09/02 22:55:17 [Recovery] 2022/09/02 - 22:55:17 panic recovered:
POST /api/auth/info HTTP/1.1
Host: localhost:8888
Accept: */*
Accept-Encoding: gzip, deflate, br
Authorization: *
Connection: keep-alive
Content-Length: 0
Postman-Token: 1551314b-5e7a-4f18-929a-553203f1f65a
User-Agent: PostmanRuntime/7.29.2


runtime error: invalid memory address or nil pointer dereference
C:/Program Files/Go/src/runtime/panic.go:260 (0xa7c735)
	panicmem: panic(memoryError)
C:/Program Files/Go/src/runtime/signal_windows.go:255 (0xa7c705)
	sigpanic: panicmem()
G:/project/毕设/SZ-OfficialWebsite-backEnd/app/services/jwt.go:79 (0x116a858)
	(*jwtService).IsInBlacklist: joinUnixStr, err := global.App.Redis.Get(context.Background(), jwtService.getBlackListKey(tokenStr)).Result()
G:/project/毕设/SZ-OfficialWebsite-backEnd/app/middleware/jwt.go:27 (0x116c110)
	JWTAuth.func1: if err != nil || services.JwtService.IsInBlacklist(tokenStr) {
C:/Users/yangqixiang/go/pkg/mod/github.com/gin-gonic/gin@v1.8.1/context.go:173 (0x115bfe1)
	(*Context).Next: c.handlers[c.index](c)
C:/Users/yangqixiang/go/pkg/mod/github.com/gin-gonic/gin@v1.8.1/recovery.go:101 (0x115bfcc)
	CustomRecoveryWithWriter.func1: c.Next()
C:/Users/yangqixiang/go/pkg/mod/github.com/gin-gonic/gin@v1.8.1/context.go:173 (0x115b0e6)
	(*Context).Next: c.handlers[c.index](c)
C:/Users/yangqixiang/go/pkg/mod/github.com/gin-gonic/gin@v1.8.1/logger.go:240 (0x115b0c9)
	LoggerWithConfig.func1: c.Next()
C:/Users/yangqixiang/go/pkg/mod/github.com/gin-gonic/gin@v1.8.1/context.go:173 (0x115a1f0)
	(*Context).Next: c.handlers[c.index](c)
C:/Users/yangqixiang/go/pkg/mod/github.com/gin-gonic/gin@v1.8.1/gin.go:616 (0x1159e58)
	(*Engine).handleHTTPRequest: c.Next()
C:/Users/yangqixiang/go/pkg/mod/github.com/gin-gonic/gin@v1.8.1/gin.go:572 (0x115999c)
	(*Engine).ServeHTTP: engine.handleHTTPRequest(c)
C:/Program Files/Go/src/net/http/server.go:2947 (0xd5932b)
	serverHandler.ServeHTTP: handler.ServeHTTP(rw, req)
C:/Program Files/Go/src/net/http/server.go:1991 (0xd54546)
	(*conn).serve: serverHandler{c.server}.ServeHTTP(w, w.req)
C:/Program Files/Go/src/runtime/asm_amd64.s:1594 (0xa97360)
	goexit: BYTE	$0x90	// NOP
[0m


[31m2022/09/02 22:55:30 [Recovery] 2022/09/02 - 22:55:30 panic recovered:
POST /api/auth/info HTTP/1.1
Host: localhost:8888
Accept: */*
Accept-Encoding: gzip, deflate, br
Authorization: *
Connection: keep-alive
Content-Length: 0
Postman-Token: 326839f7-4111-4727-9429-ecd71232d516
User-Agent: PostmanRuntime/7.29.2


runtime error: invalid memory address or nil pointer dereference
C:/Program Files/Go/src/runtime/panic.go:260 (0xa7c735)
	panicmem: panic(memoryError)
C:/Program Files/Go/src/runtime/signal_windows.go:255 (0xa7c705)
	sigpanic: panicmem()
G:/project/毕设/SZ-OfficialWebsite-backEnd/app/services/jwt.go:79 (0x116a858)
	(*jwtService).IsInBlacklist: joinUnixStr, err := global.App.Redis.Get(context.Background(), jwtService.getBlackListKey(tokenStr)).Result()
G:/project/毕设/SZ-OfficialWebsite-backEnd/app/middleware/jwt.go:27 (0x116c110)
	JWTAuth.func1: if err != nil || services.JwtService.IsInBlacklist(tokenStr) {
C:/Users/yangqixiang/go/pkg/mod/github.com/gin-gonic/gin@v1.8.1/context.go:173 (0x115bfe1)
	(*Context).Next: c.handlers[c.index](c)
C:/Users/yangqixiang/go/pkg/mod/github.com/gin-gonic/gin@v1.8.1/recovery.go:101 (0x115bfcc)
	CustomRecoveryWithWriter.func1: c.Next()
C:/Users/yangqixiang/go/pkg/mod/github.com/gin-gonic/gin@v1.8.1/context.go:173 (0x115b0e6)
	(*Context).Next: c.handlers[c.index](c)
C:/Users/yangqixiang/go/pkg/mod/github.com/gin-gonic/gin@v1.8.1/logger.go:240 (0x115b0c9)
	LoggerWithConfig.func1: c.Next()
C:/Users/yangqixiang/go/pkg/mod/github.com/gin-gonic/gin@v1.8.1/context.go:173 (0x115a1f0)
	(*Context).Next: c.handlers[c.index](c)
C:/Users/yangqixiang/go/pkg/mod/github.com/gin-gonic/gin@v1.8.1/gin.go:616 (0x1159e58)
	(*Engine).handleHTTPRequest: c.Next()
C:/Users/yangqixiang/go/pkg/mod/github.com/gin-gonic/gin@v1.8.1/gin.go:572 (0x115999c)
	(*Engine).ServeHTTP: engine.handleHTTPRequest(c)
C:/Program Files/Go/src/net/http/server.go:2947 (0xd5932b)
	serverHandler.ServeHTTP: handler.ServeHTTP(rw, req)
C:/Program Files/Go/src/net/http/server.go:1991 (0xd54546)
	(*conn).serve: serverHandler{c.server}.ServeHTTP(w, w.req)
C:/Program Files/Go/src/runtime/asm_amd64.s:1594 (0xa97360)
	goexit: BYTE	$0x90	// NOP
[0m
[2022-09-02 22:55:46.525]	local.info	SZ-OfficialWebsite-backEnd/main.go:14	log init success!
[2022-09-02 22:57:47.467]	local.info	SZ-OfficialWebsite-backEnd/main.go:14	log init success!
[2022-09-02 23:29:19.841]	local.info	SZ-OfficialWebsite-backEnd/main.go:14	log init success!
[2022-09-03 21:52:12.864]	local.info	SZ-OfficialWebsite-backEnd/main.go:14	log init success!
[2022-09-03 22:08:59.889]	local.info	SZ-OfficialWebsite-backEnd/main.go:14	log init success!
[2022-09-03 22:12:22.515]	local.info	SZ-OfficialWebsite-backEnd/main.go:14	log init success!
[2022-09-03 22:25:27.877]	local.info	SZ-OfficialWebsite-backEnd/main.go:14	log init success!
[2022-09-03 22:28:43.689]	local.info	SZ-OfficialWebsite-backEnd/main.go:14	log init success!
[2022-09-03 22:41:40.855]	local.info	SZ-OfficialWebsite-backEnd/main.go:14	log init success!
[2022-09-03 22:48:12.131]	local.info	SZ-OfficialWebsite-backEnd/main.go:14	log init success!
[2022-09-03 22:55:59.927]	local.info	SZ-OfficialWebsite-backEnd/main.go:14	log init success!
[2022-09-03 22:57:51.154]	local.info	SZ-OfficialWebsite-backEnd/main.go:14	log init success!
[2022-09-03 23:02:47.314]	local.info	SZ-OfficialWebsite-backEnd/main.go:14	log init success!
[2022-09-03 23:05:57.934]	local.info	SZ-OfficialWebsite-backEnd/main.go:14	log init success!
[2022-09-03 23:08:21.090]	local.info	SZ-OfficialWebsite-backEnd/main.go:14	log init success!
[2022-09-04 01:17:10.549]	local.info	SZ-OfficialWebsite-backEnd/main.go:14	log init success!
[2022-09-04 01:25:44.485]	local.info	SZ-OfficialWebsite-backEnd/main.go:14	log init success!
[2022-09-04 01:29:08.686]	local.info	SZ-OfficialWebsite-backEnd/main.go:14	log init success!
[2022-09-04 01:32:48.089]	local.info	SZ-OfficialWebsite-backEnd/main.go:14	log init success!
[2022-09-04 09:49:43.619]	local.info	SZ-OfficialWebsite-backEnd/main.go:14	log init success!
[2022-09-04 09:51:51.815]	local.info	SZ-OfficialWebsite-backEnd/main.go:14	log init success!
[2022-09-04 10:01:54.405]	local.info	SZ-OfficialWebsite-backEnd/main.go:14	log init success!
[2022-09-04 10:09:21.933]	local.info	SZ-OfficialWebsite-backEnd/main.go:14	log init success!
[2022-09-04 10:13:32.574]	local.info	SZ-OfficialWebsite-backEnd/main.go:14	log init success!
[2022-09-04 10:15:18.259]	local.info	SZ-OfficialWebsite-backEnd/main.go:14	log init success!
[2022-09-04 10:18:19.454]	local.info	SZ-OfficialWebsite-backEnd/main.go:14	log init success!
[2022-09-04 10:23:21.714]	local.info	SZ-OfficialWebsite-backEnd/main.go:14	log init success!
[2022-09-04 10:27:34.131]	local.info	SZ-OfficialWebsite-backEnd/main.go:14	log init success!
[2022-09-04 10:32:55.727]	local.info	SZ-OfficialWebsite-backEnd/main.go:14	log init success!
[2022-09-04 10:34:33.698]	local.info	SZ-OfficialWebsite-backEnd/main.go:14	log init success!
[2022-09-04 10:37:28.382]	local.info	SZ-OfficialWebsite-backEnd/main.go:14	log init success!
[2022-09-04 10:44:06.286]	local.info	SZ-OfficialWebsite-backEnd/main.go:14	log init success!
[2022-09-04 10:45:08.968]	local.info	SZ-OfficialWebsite-backEnd/main.go:14	log init success!
[2022-09-04 10:50:25.970]	local.info	SZ-OfficialWebsite-backEnd/main.go:14	log init success!
[2022-09-04 10:53:26.209]	local.info	SZ-OfficialWebsite-backEnd/main.go:14	log init success!
[2022-09-04 11:03:05.042]	local.info	SZ-OfficialWebsite-backEnd/main.go:14	log init success!
[2022-09-04 11:10:20.713]	local.info	SZ-OfficialWebsite-backEnd/main.go:14	log init success!
[2022-09-04 11:13:14.082]	local.info	SZ-OfficialWebsite-backEnd/main.go:14	log init success!
[2022-09-04 11:18:09.861]	local.info	SZ-OfficialWebsite-backEnd/main.go:14	log init success!
[2022-09-04 11:20:39.415]	local.info	SZ-OfficialWebsite-backEnd/main.go:14	log init success!
[2022-09-04 11:24:54.968]	local.info	SZ-OfficialWebsite-backEnd/main.go:14	log init success!
[2022-09-04 11:27:29.105]	local.info	SZ-OfficialWebsite-backEnd/main.go:14	log init success!
[2022-09-04 11:37:48.549]	local.info	SZ-OfficialWebsite-backEnd/main.go:14	log init success!
[2022-09-04 11:41:03.137]	local.info	SZ-OfficialWebsite-backEnd/main.go:14	log init success!
[2022-09-04 11:44:25.627]	local.info	SZ-OfficialWebsite-backEnd/main.go:14	log init success!
[2022-09-04 11:47:15.411]	local.info	SZ-OfficialWebsite-backEnd/main.go:14	log init success!
[2022-09-04 11:56:50.347]	local.info	SZ-OfficialWebsite-backEnd/main.go:14	log init success!
[2022-09-04 11:59:54.356]	local.info	SZ-OfficialWebsite-backEnd/main.go:14	log init success!
[2022-09-04 12:06:21.448]	local.info	SZ-OfficialWebsite-backEnd/main.go:14	log init success!
[2022-09-04 12:12:44.684]	local.info	SZ-OfficialWebsite-backEnd/main.go:14	log init success!
[2022-09-04 12:16:09.497]	local.info	SZ-OfficialWebsite-backEnd/main.go:14	log init success!
[2022-09-04 12:18:04.703]	local.info	SZ-OfficialWebsite-backEnd/main.go:14	log init success!
[2022-09-04 12:20:06.964]	local.info	SZ-OfficialWebsite-backEnd/main.go:14	log init success!
[2022-09-04 12:28:00.835]	local.info	SZ-OfficialWebsite-backEnd/main.go:14	log init success!
[2022-09-04 12:31:06.781]	local.info	SZ-OfficialWebsite-backEnd/main.go:14	log init success!
[2022-09-04 13:19:17.014]	local.info	SZ-OfficialWebsite-backEnd/main.go:14	log init success!
[2022-09-04 13:20:40.911]	local.info	SZ-OfficialWebsite-backEnd/main.go:14	log init success!
[2022-09-04 13:32:28.212]	local.info	SZ-OfficialWebsite-backEnd/main.go:14	log init success!
[2022-09-04 13:37:46.012]	local.info	SZ-OfficialWebsite-backEnd/main.go:14	log init success!
[2022-09-04 15:09:28.679]	local.info	SZ-OfficialWebsite-backEnd/main.go:14	log init success!
[2022-09-04 15:12:28.221]	local.info	SZ-OfficialWebsite-backEnd/main.go:14	log init success!
[2022-09-04 15:15:20.618]	local.info	SZ-OfficialWebsite-backEnd/main.go:14	log init success!
[2022-09-04 15:29:47.720]	local.info	SZ-OfficialWebsite-backEnd/main.go:14	log init success!
[2022-09-04 15:33:45.223]	local.info	SZ-OfficialWebsite-backEnd/main.go:14	log init success!
[2022-09-04 15:48:36.886]	local.info	SZ-OfficialWebsite-backEnd/main.go:14	log init success!
[2022-09-07 22:05:32.342]	local.info	SZ-OfficialWebsite-backEnd/main.go:14	log init success!
[2022-09-07 22:05:40.697]	local.error	bootstrap/redis.go:19	Redis connect ping failed, err:	{"err": "dial tcp 127.0.0.1:6379: connectex: No connection could be made because the target machine actively refused it."}


[31m2022/09/07 22:06:57 [Recovery] 2022/09/07 - 22:06:57 panic recovered:
GET /api/auth/getJobs HTTP/1.1
Host: localhost:8888
Accept: */*
Accept-Encoding: gzip, deflate, br
Authorization: *
Connection: keep-alive
Postman-Token: ea880e67-0993-438f-af2f-7b1002f3fbb7
User-Agent: PostmanRuntime/7.29.2


runtime error: invalid memory address or nil pointer dereference
C:/Program Files/Go/src/runtime/panic.go:260 (0xb9c735)
	panicmem: panic(memoryError)
C:/Program Files/Go/src/runtime/signal_windows.go:255 (0xb9c705)
	sigpanic: panicmem()
G:/project/毕设/SZ-OfficialWebsite-backEnd/app/services/jwt.go:79 (0x128c2d8)
	(*jwtService).IsInBlacklist: joinUnixStr, err := global.App.Redis.Get(context.Background(), jwtService.getBlackListKey(tokenStr)).Result()
G:/project/毕设/SZ-OfficialWebsite-backEnd/app/middleware/jwt.go:27 (0x128ed10)
	JWTAuth.func1: if err != nil || services.JwtService.IsInBlacklist(tokenStr) {
C:/Users/yangqixiang/go/pkg/mod/github.com/gin-gonic/gin@v1.8.1/context.go:173 (0x127c761)
	(*Context).Next: c.handlers[c.index](c)
C:/Users/yangqixiang/go/pkg/mod/github.com/gin-gonic/gin@v1.8.1/recovery.go:101 (0x127c74c)
	CustomRecoveryWithWriter.func1: c.Next()
C:/Users/yangqixiang/go/pkg/mod/github.com/gin-gonic/gin@v1.8.1/context.go:173 (0x127b866)
	(*Context).Next: c.handlers[c.index](c)
C:/Users/yangqixiang/go/pkg/mod/github.com/gin-gonic/gin@v1.8.1/logger.go:240 (0x127b849)
	LoggerWithConfig.func1: c.Next()
C:/Users/yangqixiang/go/pkg/mod/github.com/gin-gonic/gin@v1.8.1/context.go:173 (0x127a970)
	(*Context).Next: c.handlers[c.index](c)
C:/Users/yangqixiang/go/pkg/mod/github.com/gin-gonic/gin@v1.8.1/gin.go:616 (0x127a5d8)
	(*Engine).handleHTTPRequest: c.Next()
C:/Users/yangqixiang/go/pkg/mod/github.com/gin-gonic/gin@v1.8.1/gin.go:572 (0x127a11c)
	(*Engine).ServeHTTP: engine.handleHTTPRequest(c)
C:/Program Files/Go/src/net/http/server.go:2947 (0xe7932b)
	serverHandler.ServeHTTP: handler.ServeHTTP(rw, req)
C:/Program Files/Go/src/net/http/server.go:1991 (0xe74546)
	(*conn).serve: serverHandler{c.server}.ServeHTTP(w, w.req)
C:/Program Files/Go/src/runtime/asm_amd64.s:1594 (0xbb7360)
	goexit: BYTE	$0x90	// NOP
[0m


[31m2022/09/07 22:08:00 [Recovery] 2022/09/07 - 22:08:00 panic recovered:
GET /api/auth/getJobs HTTP/1.1
Host: localhost:8888
Accept: */*
Accept-Encoding: gzip, deflate, br
Authorization: *
Connection: keep-alive
Postman-Token: 612b0657-6fc1-4616-b0be-ca5e0e115a0e
User-Agent: PostmanRuntime/7.29.2


runtime error: invalid memory address or nil pointer dereference
C:/Program Files/Go/src/runtime/panic.go:260 (0xb9c735)
	panicmem: panic(memoryError)
C:/Program Files/Go/src/runtime/signal_windows.go:255 (0xb9c705)
	sigpanic: panicmem()
G:/project/毕设/SZ-OfficialWebsite-backEnd/app/services/jwt.go:79 (0x128c2d8)
	(*jwtService).IsInBlacklist: joinUnixStr, err := global.App.Redis.Get(context.Background(), jwtService.getBlackListKey(tokenStr)).Result()
G:/project/毕设/SZ-OfficialWebsite-backEnd/app/middleware/jwt.go:27 (0x128ed10)
	JWTAuth.func1: if err != nil || services.JwtService.IsInBlacklist(tokenStr) {
C:/Users/yangqixiang/go/pkg/mod/github.com/gin-gonic/gin@v1.8.1/context.go:173 (0x127c761)
	(*Context).Next: c.handlers[c.index](c)
C:/Users/yangqixiang/go/pkg/mod/github.com/gin-gonic/gin@v1.8.1/recovery.go:101 (0x127c74c)
	CustomRecoveryWithWriter.func1: c.Next()
C:/Users/yangqixiang/go/pkg/mod/github.com/gin-gonic/gin@v1.8.1/context.go:173 (0x127b866)
	(*Context).Next: c.handlers[c.index](c)
C:/Users/yangqixiang/go/pkg/mod/github.com/gin-gonic/gin@v1.8.1/logger.go:240 (0x127b849)
	LoggerWithConfig.func1: c.Next()
C:/Users/yangqixiang/go/pkg/mod/github.com/gin-gonic/gin@v1.8.1/context.go:173 (0x127a970)
	(*Context).Next: c.handlers[c.index](c)
C:/Users/yangqixiang/go/pkg/mod/github.com/gin-gonic/gin@v1.8.1/gin.go:616 (0x127a5d8)
	(*Engine).handleHTTPRequest: c.Next()
C:/Users/yangqixiang/go/pkg/mod/github.com/gin-gonic/gin@v1.8.1/gin.go:572 (0x127a11c)
	(*Engine).ServeHTTP: engine.handleHTTPRequest(c)
C:/Program Files/Go/src/net/http/server.go:2947 (0xe7932b)
	serverHandler.ServeHTTP: handler.ServeHTTP(rw, req)
C:/Program Files/Go/src/net/http/server.go:1991 (0xe74546)
	(*conn).serve: serverHandler{c.server}.ServeHTTP(w, w.req)
C:/Program Files/Go/src/runtime/asm_amd64.s:1594 (0xbb7360)
	goexit: BYTE	$0x90	// NOP
[0m


[31m2022/09/07 22:08:18 [Recovery] 2022/09/07 - 22:08:18 panic recovered:
GET /api/auth/getJobs HTTP/1.1
Host: localhost:8888
Accept: */*
Accept-Encoding: gzip, deflate, br
Authorization: *
Connection: keep-alive
Postman-Token: b8ad65c5-20e9-4006-bd7e-d6112e0c09f8
User-Agent: PostmanRuntime/7.29.2


runtime error: invalid memory address or nil pointer dereference
C:/Program Files/Go/src/runtime/panic.go:260 (0xb9c735)
	panicmem: panic(memoryError)
C:/Program Files/Go/src/runtime/signal_windows.go:255 (0xb9c705)
	sigpanic: panicmem()
G:/project/毕设/SZ-OfficialWebsite-backEnd/app/services/jwt.go:79 (0x128c2d8)
	(*jwtService).IsInBlacklist: joinUnixStr, err := global.App.Redis.Get(context.Background(), jwtService.getBlackListKey(tokenStr)).Result()
G:/project/毕设/SZ-OfficialWebsite-backEnd/app/middleware/jwt.go:27 (0x128ed10)
	JWTAuth.func1: if err != nil || services.JwtService.IsInBlacklist(tokenStr) {
C:/Users/yangqixiang/go/pkg/mod/github.com/gin-gonic/gin@v1.8.1/context.go:173 (0x127c761)
	(*Context).Next: c.handlers[c.index](c)
C:/Users/yangqixiang/go/pkg/mod/github.com/gin-gonic/gin@v1.8.1/recovery.go:101 (0x127c74c)
	CustomRecoveryWithWriter.func1: c.Next()
C:/Users/yangqixiang/go/pkg/mod/github.com/gin-gonic/gin@v1.8.1/context.go:173 (0x127b866)
	(*Context).Next: c.handlers[c.index](c)
C:/Users/yangqixiang/go/pkg/mod/github.com/gin-gonic/gin@v1.8.1/logger.go:240 (0x127b849)
	LoggerWithConfig.func1: c.Next()
C:/Users/yangqixiang/go/pkg/mod/github.com/gin-gonic/gin@v1.8.1/context.go:173 (0x127a970)
	(*Context).Next: c.handlers[c.index](c)
C:/Users/yangqixiang/go/pkg/mod/github.com/gin-gonic/gin@v1.8.1/gin.go:616 (0x127a5d8)
	(*Engine).handleHTTPRequest: c.Next()
C:/Users/yangqixiang/go/pkg/mod/github.com/gin-gonic/gin@v1.8.1/gin.go:572 (0x127a11c)
	(*Engine).ServeHTTP: engine.handleHTTPRequest(c)
C:/Program Files/Go/src/net/http/server.go:2947 (0xe7932b)
	serverHandler.ServeHTTP: handler.ServeHTTP(rw, req)
C:/Program Files/Go/src/net/http/server.go:1991 (0xe74546)
	(*conn).serve: serverHandler{c.server}.ServeHTTP(w, w.req)
C:/Program Files/Go/src/runtime/asm_amd64.s:1594 (0xbb7360)
	goexit: BYTE	$0x90	// NOP
[0m


[31m2022/09/07 22:10:53 [Recovery] 2022/09/07 - 22:10:53 panic recovered:
POST /api/auth/logout HTTP/1.1
Host: localhost:8888
Accept: */*
Accept-Encoding: gzip, deflate, br
Authorization: *
Connection: keep-alive
Content-Length: 0
Postman-Token: 2a2ca70c-d493-4298-8ec6-70a18b862d22
User-Agent: PostmanRuntime/7.29.2


runtime error: invalid memory address or nil pointer dereference
C:/Program Files/Go/src/runtime/panic.go:260 (0xb9c735)
	panicmem: panic(memoryError)
C:/Program Files/Go/src/runtime/signal_windows.go:255 (0xb9c705)
	sigpanic: panicmem()
G:/project/毕设/SZ-OfficialWebsite-backEnd/app/services/jwt.go:79 (0x128c2d8)
	(*jwtService).IsInBlacklist: joinUnixStr, err := global.App.Redis.Get(context.Background(), jwtService.getBlackListKey(tokenStr)).Result()
G:/project/毕设/SZ-OfficialWebsite-backEnd/app/middleware/jwt.go:27 (0x128ed10)
	JWTAuth.func1: if err != nil || services.JwtService.IsInBlacklist(tokenStr) {
C:/Users/yangqixiang/go/pkg/mod/github.com/gin-gonic/gin@v1.8.1/context.go:173 (0x127c761)
	(*Context).Next: c.handlers[c.index](c)
C:/Users/yangqixiang/go/pkg/mod/github.com/gin-gonic/gin@v1.8.1/recovery.go:101 (0x127c74c)
	CustomRecoveryWithWriter.func1: c.Next()
C:/Users/yangqixiang/go/pkg/mod/github.com/gin-gonic/gin@v1.8.1/context.go:173 (0x127b866)
	(*Context).Next: c.handlers[c.index](c)
C:/Users/yangqixiang/go/pkg/mod/github.com/gin-gonic/gin@v1.8.1/logger.go:240 (0x127b849)
	LoggerWithConfig.func1: c.Next()
C:/Users/yangqixiang/go/pkg/mod/github.com/gin-gonic/gin@v1.8.1/context.go:173 (0x127a970)
	(*Context).Next: c.handlers[c.index](c)
C:/Users/yangqixiang/go/pkg/mod/github.com/gin-gonic/gin@v1.8.1/gin.go:616 (0x127a5d8)
	(*Engine).handleHTTPRequest: c.Next()
C:/Users/yangqixiang/go/pkg/mod/github.com/gin-gonic/gin@v1.8.1/gin.go:572 (0x127a11c)
	(*Engine).ServeHTTP: engine.handleHTTPRequest(c)
C:/Program Files/Go/src/net/http/server.go:2947 (0xe7932b)
	serverHandler.ServeHTTP: handler.ServeHTTP(rw, req)
C:/Program Files/Go/src/net/http/server.go:1991 (0xe74546)
	(*conn).serve: serverHandler{c.server}.ServeHTTP(w, w.req)
C:/Program Files/Go/src/runtime/asm_amd64.s:1594 (0xbb7360)
	goexit: BYTE	$0x90	// NOP
[0m


[31m2022/09/07 22:15:37 [Recovery] 2022/09/07 - 22:15:37 panic recovered:
POST /api/auth/info HTTP/1.1
Host: localhost:8888
Accept: */*
Accept-Encoding: gzip, deflate, br
Authorization: *
Connection: keep-alive
Content-Length: 0
Postman-Token: 080e40da-a69f-4be9-ac1c-1f55dd78884f
User-Agent: PostmanRuntime/7.29.2


runtime error: invalid memory address or nil pointer dereference
C:/Program Files/Go/src/runtime/panic.go:260 (0xb9c735)
	panicmem: panic(memoryError)
C:/Program Files/Go/src/runtime/signal_windows.go:255 (0xb9c705)
	sigpanic: panicmem()
G:/project/毕设/SZ-OfficialWebsite-backEnd/app/services/jwt.go:79 (0x128c2d8)
	(*jwtService).IsInBlacklist: joinUnixStr, err := global.App.Redis.Get(context.Background(), jwtService.getBlackListKey(tokenStr)).Result()
G:/project/毕设/SZ-OfficialWebsite-backEnd/app/middleware/jwt.go:27 (0x128ed10)
	JWTAuth.func1: if err != nil || services.JwtService.IsInBlacklist(tokenStr) {
C:/Users/yangqixiang/go/pkg/mod/github.com/gin-gonic/gin@v1.8.1/context.go:173 (0x127c761)
	(*Context).Next: c.handlers[c.index](c)
C:/Users/yangqixiang/go/pkg/mod/github.com/gin-gonic/gin@v1.8.1/recovery.go:101 (0x127c74c)
	CustomRecoveryWithWriter.func1: c.Next()
C:/Users/yangqixiang/go/pkg/mod/github.com/gin-gonic/gin@v1.8.1/context.go:173 (0x127b866)
	(*Context).Next: c.handlers[c.index](c)
C:/Users/yangqixiang/go/pkg/mod/github.com/gin-gonic/gin@v1.8.1/logger.go:240 (0x127b849)
	LoggerWithConfig.func1: c.Next()
C:/Users/yangqixiang/go/pkg/mod/github.com/gin-gonic/gin@v1.8.1/context.go:173 (0x127a970)
	(*Context).Next: c.handlers[c.index](c)
C:/Users/yangqixiang/go/pkg/mod/github.com/gin-gonic/gin@v1.8.1/gin.go:616 (0x127a5d8)
	(*Engine).handleHTTPRequest: c.Next()
C:/Users/yangqixiang/go/pkg/mod/github.com/gin-gonic/gin@v1.8.1/gin.go:572 (0x127a11c)
	(*Engine).ServeHTTP: engine.handleHTTPRequest(c)
C:/Program Files/Go/src/net/http/server.go:2947 (0xe7932b)
	serverHandler.ServeHTTP: handler.ServeHTTP(rw, req)
C:/Program Files/Go/src/net/http/server.go:1991 (0xe74546)
	(*conn).serve: serverHandler{c.server}.ServeHTTP(w, w.req)
C:/Program Files/Go/src/runtime/asm_amd64.s:1594 (0xbb7360)
	goexit: BYTE	$0x90	// NOP
[0m


[31m2022/09/07 22:21:36 [Recovery] 2022/09/07 - 22:21:36 panic recovered:
POST /api/auth/info HTTP/1.1
Host: localhost:8888
Accept: */*
Accept-Encoding: gzip, deflate, br
Authorization: *
Connection: keep-alive
Content-Length: 0
Postman-Token: 6fe2cfda-75db-4cfe-b621-9d55f2afe452
User-Agent: PostmanRuntime/7.29.2


runtime error: invalid memory address or nil pointer dereference
C:/Program Files/Go/src/runtime/panic.go:260 (0xb9c735)
	panicmem: panic(memoryError)
C:/Program Files/Go/src/runtime/signal_windows.go:255 (0xb9c705)
	sigpanic: panicmem()
G:/project/毕设/SZ-OfficialWebsite-backEnd/app/services/jwt.go:79 (0x128c2d8)
	(*jwtService).IsInBlacklist: joinUnixStr, err := global.App.Redis.Get(context.Background(), jwtService.getBlackListKey(tokenStr)).Result()
G:/project/毕设/SZ-OfficialWebsite-backEnd/app/middleware/jwt.go:27 (0x128ed10)
	JWTAuth.func1: if err != nil || services.JwtService.IsInBlacklist(tokenStr) {
C:/Users/yangqixiang/go/pkg/mod/github.com/gin-gonic/gin@v1.8.1/context.go:173 (0x127c761)
	(*Context).Next: c.handlers[c.index](c)
C:/Users/yangqixiang/go/pkg/mod/github.com/gin-gonic/gin@v1.8.1/recovery.go:101 (0x127c74c)
	CustomRecoveryWithWriter.func1: c.Next()
C:/Users/yangqixiang/go/pkg/mod/github.com/gin-gonic/gin@v1.8.1/context.go:173 (0x127b866)
	(*Context).Next: c.handlers[c.index](c)
C:/Users/yangqixiang/go/pkg/mod/github.com/gin-gonic/gin@v1.8.1/logger.go:240 (0x127b849)
	LoggerWithConfig.func1: c.Next()
C:/Users/yangqixiang/go/pkg/mod/github.com/gin-gonic/gin@v1.8.1/context.go:173 (0x127a970)
	(*Context).Next: c.handlers[c.index](c)
C:/Users/yangqixiang/go/pkg/mod/github.com/gin-gonic/gin@v1.8.1/gin.go:616 (0x127a5d8)
	(*Engine).handleHTTPRequest: c.Next()
C:/Users/yangqixiang/go/pkg/mod/github.com/gin-gonic/gin@v1.8.1/gin.go:572 (0x127a11c)
	(*Engine).ServeHTTP: engine.handleHTTPRequest(c)
C:/Program Files/Go/src/net/http/server.go:2947 (0xe7932b)
	serverHandler.ServeHTTP: handler.ServeHTTP(rw, req)
C:/Program Files/Go/src/net/http/server.go:1991 (0xe74546)
	(*conn).serve: serverHandler{c.server}.ServeHTTP(w, w.req)
C:/Program Files/Go/src/runtime/asm_amd64.s:1594 (0xbb7360)
	goexit: BYTE	$0x90	// NOP
[0m
[2022-09-07 22:26:41.985]	local.info	SZ-OfficialWebsite-backEnd/main.go:14	log init success!
[2022-09-07 22:39:00.771]	local.info	SZ-OfficialWebsite-backEnd/main.go:14	log init success!
[2022-09-07 23:16:30.248]	local.info	SZ-OfficialWebsite-backEnd/main.go:14	log init success!
[2022-09-07 23:18:26.558]	local.info	SZ-OfficialWebsite-backEnd/main.go:14	log init success!
[2022-09-07 23:30:16.208]	local.info	SZ-OfficialWebsite-backEnd/main.go:14	log init success!
[2022-09-07 23:38:32.317]	local.info	SZ-OfficialWebsite-backEnd/main.go:14	log init success!
[2022-09-07 23:43:48.639]	local.info	SZ-OfficialWebsite-backEnd/main.go:14	log init success!
[2022-09-08 10:23:48.108]	local.info	SZ-OfficialWebsite-backEnd/main.go:14	log init success!
[2022-09-08 10:53:39.308]	local.info	SZ-OfficialWebsite-backEnd/main.go:14	log init success!
[2022-09-08 12:22:30.538]	local.info	SZ-OfficialWebsite-backEnd/main.go:14	log init success!
[2022-09-08 12:25:10.327]	local.info	SZ-OfficialWebsite-backEnd/main.go:14	log init success!
[2022-09-08 12:27:25.247]	local.info	SZ-OfficialWebsite-backEnd/main.go:14	log init success!
